#
# There is insufficient memory for the Java Runtime Environment to continue.
# Native memory allocation (mmap) failed to map 132120576 bytes for G1 virtual space
# Possible reasons:
#   The system is out of physical RAM or swap space
#   The process is running with CompressedOops enabled, and the Java Heap may be blocking the growth of the native heap
# Possible solutions:
#   Reduce memory load on the system
#   Increase physical memory or swap space
#   Check if swap backing store is full
#   Decrease Java heap size (-Xmx/-Xms)
#   Decrease number of Java threads
#   Decrease Java thread stack sizes (-Xss)
#   Set larger code cache with -XX:ReservedCodeCacheSize=
#   JVM is running with Unscaled Compressed Oops mode in which the Java heap is
#     placed in the first 4GB address space. The Java Heap base address is the
#     maximum limit for the native heap growth. Please use -XX:HeapBaseMinAddress
#     to set the Java Heap base and to place the Java Heap above 4GB virtual address.
# This output file may be truncated or incomplete.
#
#  Out of Memory Error (os_windows.cpp:3528), pid=14832, tid=17288
#
# JRE version:  (20.0.1+9) (build )
# Java VM: OpenJDK 64-Bit Server VM (20.0.1+9-29, mixed mode, sharing, tiered, compressed oops, compressed class ptrs, g1 gc, windows-amd64)
# No core dump will be written. Minidumps are not enabled by default on client versions of Windows
#

---------------  S U M M A R Y ------------

Command Line: -javaagent:C:\Users\rrcambrayb\AppData\Local\JetBrains\IntelliJ IDEA Community Edition 2023.1\lib\idea_rt.jar=64412:C:\Users\rrcambrayb\AppData\Local\JetBrains\IntelliJ IDEA Community Edition 2023.1\bin -Dfile.encoding=UTF-8 -Dsun.stdout.encoding=UTF-8 -Dsun.stderr.encoding=UTF-8 com.microservices.carservice.CarServiceApplication

Host: Intel(R) Core(TM) i5-10500 CPU @ 3.10GHz, 12 cores, 7G,  Windows 10 , 64 bit Build 19041 (10.0.19041.2364)
Time: Wed Apr 26 13:53:15 2023 Hora estándar central (México) elapsed time: 0.010407 seconds (0d 0h 0m 0s)

---------------  T H R E A D  ---------------

Current thread (0x00000207cc6992c0):  JavaThread "Unknown thread" [_thread_in_vm, id=17288, stack(0x0000004126300000,0x0000004126400000)]

Stack: [0x0000004126300000,0x0000004126400000]
Native frames: (J=compiled Java code, j=interpreted, Vv=VM code, C=native code)
V  [jvm.dll+0x6bb95a]
V  [jvm.dll+0x8485fa]
V  [jvm.dll+0x84a1f5]
V  [jvm.dll+0x84a8f3]
V  [jvm.dll+0x280b0f]
V  [jvm.dll+0x6b86e9]
V  [jvm.dll+0x6ad2da]
V  [jvm.dll+0x35adf5]
V  [jvm.dll+0x363016]
V  [jvm.dll+0x3b3b3e]
V  [jvm.dll+0x3b3dc5]
V  [jvm.dll+0x32b50a]
V  [jvm.dll+0x32c32b]
V  [jvm.dll+0x8112bf]
V  [jvm.dll+0x3c0d91]
V  [jvm.dll+0x7fcfe3]
V  [jvm.dll+0x44c76f]
V  [jvm.dll+0x44e0e1]
C  [jli.dll+0x5287]
C  [ucrtbase.dll+0x21bb2]
C  [KERNEL32.DLL+0x17614]
C  [ntdll.dll+0x526a1]


---------------  P R O C E S S  ---------------

Threads class SMR info:
_java_thread_list=0x00007ff8801ca098, length=0, elements={
}

Java Threads: ( => current thread )

Other Threads:
  0x00000207cc6f5740 WorkerThread "GC Thread#0" [stack: 0x0000004126400000,0x0000004126500000] [id=19484]
  0x00000207cc707100 ConcurrentGCThread "G1 Main Marker" [stack: 0x0000004126500000,0x0000004126600000] [id=12068]
  0x00000207cc7082d0 WorkerThread "G1 Conc#0" [stack: 0x0000004126600000,0x0000004126700000] [id=8460]

[error occurred during error reporting (printing all threads), id 0xc0000005, EXCEPTION_ACCESS_VIOLATION (0xc0000005) at pc=0x00007ff87f9aeb47]
VM state: not at safepoint (not fully initialized)

VM Mutex/Monitor currently owned by a thread:  ([mutex/lock_event])
[0x00000207cc694580] Heap_lock - owner thread: 0x00000207cc6992c0

Heap address: 0x0000000083800000, size: 1992 MB, Compressed Oops mode: 32-bit

CDS archive(s) mapped at: [0x0000000000000000-0x0000000000000000-0x0000000000000000), size 0, SharedBaseAddress: 0x0000000800000000, ArchiveRelocationMode: 0.
Narrow klass base: 0x0000000000000000, Narrow klass shift: 0, Narrow klass range: 0x0

GC Precious Log:
 CardTable entry size: 512
 Card Set container configuration: InlinePtr #cards 5 size 8 Array Of Cards #cards 12 size 40 Howl #buckets 4 coarsen threshold 1843 Howl Bitmap #cards 512 size 80 coarsen threshold 460 Card regions per heap region 1 cards per card region 2048

Heap:
 garbage-first heap   total 0K, used 0K [0x0000000083800000, 0x0000000100000000)
  region size 1024K, 0 young (0K), 0 survivors (0K)

[error occurred during error reporting (printing heap information), id 0xc0000005, EXCEPTION_ACCESS_VIOLATION (0xc0000005) at pc=0x00007ff87fd83c59]
GC Heap History (0 events):
No events

Dll operation events (1 events):
Event: 0.006 Loaded shared library C:\Users\rrcambrayb\.jdks\openjdk-20.0.1\bin\java.dll

Deoptimization events (0 events):
No events

Classes loaded (0 events):
No events

Classes unloaded (0 events):
No events

Classes redefined (0 events):
No events

Internal exceptions (0 events):
No events

VM Operations (0 events):
No events

Events (0 events):
No events


Dynamic libraries:
0x00007ff654cf0000 - 0x00007ff654cfe000 	C:\Users\rrcambrayb\.jdks\openjdk-20.0.1\bin\java.exe
0x00007ff90e9b0000 - 0x00007ff90eba8000 	C:\Windows\SYSTEM32\ntdll.dll
0x00007ff90e2d0000 - 0x00007ff90e38f000 	C:\Windows\System32\KERNEL32.DLL
0x00007ff90c5e0000 - 0x00007ff90c8b2000 	C:\Windows\System32\KERNELBASE.dll
0x00007ff90c8c0000 - 0x00007ff90c9c0000 	C:\Windows\System32\ucrtbase.dll
0x00007ff8e8100000 - 0x00007ff8e8117000 	C:\Users\rrcambrayb\.jdks\openjdk-20.0.1\bin\jli.dll
0x00007ff8e8320000 - 0x00007ff8e833b000 	C:\Users\rrcambrayb\.jdks\openjdk-20.0.1\bin\VCRUNTIME140.dll
0x00007ff90cfa0000 - 0x00007ff90d141000 	C:\Windows\System32\USER32.dll
0x00007ff90c5b0000 - 0x00007ff90c5d2000 	C:\Windows\System32\win32u.dll
0x00007ff90deb0000 - 0x00007ff90dedb000 	C:\Windows\System32\GDI32.dll
0x00007ff90c180000 - 0x00007ff90c28f000 	C:\Windows\System32\gdi32full.dll
0x00007ff90c510000 - 0x00007ff90c5ad000 	C:\Windows\System32\msvcp_win.dll
0x00007ff8eab80000 - 0x00007ff8eae1a000 	C:\Windows\WinSxS\amd64_microsoft.windows.common-controls_6595b64144ccf1df_6.0.19041.1110_none_60b5254171f9507e\COMCTL32.dll
0x00007ff90d4d0000 - 0x00007ff90d56e000 	C:\Windows\System32\msvcrt.dll
0x00007ff90e390000 - 0x00007ff90e3c2000 	C:\Windows\System32\IMM32.DLL
0x00007ff8ee7c0000 - 0x00007ff8ee7cc000 	C:\Users\rrcambrayb\.jdks\openjdk-20.0.1\bin\vcruntime140_1.dll
0x00007ff8af6d0000 - 0x00007ff8af75e000 	C:\Users\rrcambrayb\.jdks\openjdk-20.0.1\bin\msvcp140.dll
0x00007ff87f670000 - 0x00007ff880307000 	C:\Users\rrcambrayb\.jdks\openjdk-20.0.1\bin\server\jvm.dll
0x00007ff90d580000 - 0x00007ff90d62e000 	C:\Windows\System32\ADVAPI32.dll
0x00007ff90cea0000 - 0x00007ff90cf3c000 	C:\Windows\System32\sechost.dll
0x00007ff90cd70000 - 0x00007ff90ce95000 	C:\Windows\System32\RPCRT4.dll
0x00007ff8f1dc0000 - 0x00007ff8f1dc9000 	C:\Windows\SYSTEM32\WSOCK32.dll
0x00007ff90d630000 - 0x00007ff90d69b000 	C:\Windows\System32\WS2_32.dll
0x00007ff8f1350000 - 0x00007ff8f1377000 	C:\Windows\SYSTEM32\WINMM.dll
0x00007ff90a800000 - 0x00007ff90a80a000 	C:\Windows\SYSTEM32\VERSION.dll
0x00007ff90a910000 - 0x00007ff90a922000 	C:\Windows\SYSTEM32\kernel.appcore.dll
0x00007ff8ee700000 - 0x00007ff8ee70a000 	C:\Users\rrcambrayb\.jdks\openjdk-20.0.1\bin\jimage.dll
0x00007ff8f08d0000 - 0x00007ff8f0ab4000 	C:\Windows\SYSTEM32\DBGHELP.DLL
0x00007ff8eff60000 - 0x00007ff8eff95000 	C:\Windows\SYSTEM32\dbgcore.DLL
0x00007ff90c0a0000 - 0x00007ff90c122000 	C:\Windows\System32\bcryptPrimitives.dll
0x00007ff90a8c0000 - 0x00007ff90a8ce000 	C:\Users\rrcambrayb\.jdks\openjdk-20.0.1\bin\instrument.dll
0x00007ff8e7ff0000 - 0x00007ff8e8016000 	C:\Users\rrcambrayb\.jdks\openjdk-20.0.1\bin\java.dll

dbghelp: loaded successfully - version: 4.0.5 - missing functions: none
symbol engine: initialized successfully - sym options: 0x614 - pdb path: .;C:\Users\rrcambrayb\.jdks\openjdk-20.0.1\bin;C:\Windows\SYSTEM32;C:\Windows\WinSxS\amd64_microsoft.windows.common-controls_6595b64144ccf1df_6.0.19041.1110_none_60b5254171f9507e;C:\Users\rrcambrayb\.jdks\openjdk-20.0.1\bin\server

VM Arguments:
jvm_args: -javaagent:C:\Users\rrcambrayb\AppData\Local\JetBrains\IntelliJ IDEA Community Edition 2023.1\lib\idea_rt.jar=64412:C:\Users\rrcambrayb\AppData\Local\JetBrains\IntelliJ IDEA Community Edition 2023.1\bin -Dfile.encoding=UTF-8 -Dsun.stdout.encoding=UTF-8 -Dsun.stderr.encoding=UTF-8 
java_command: com.microservices.carservice.CarServiceApplication
java_class_path (initial): C:\Users\rrcambrayb\Documents\Mis documentos\codes\car-service\car-service\target\classes;C:\Users\rrcambrayb\.m2\repository\org\springframework\boot\spring-boot-starter-data-jpa\3.0.6\spring-boot-starter-data-jpa-3.0.6.jar;C:\Users\rrcambrayb\.m2\repository\org\springframework\boot\spring-boot-starter-aop\3.0.6\spring-boot-starter-aop-3.0.6.jar;C:\Users\rrcambrayb\.m2\repository\org\springframework\spring-aop\6.0.8\spring-aop-6.0.8.jar;C:\Users\rrcambrayb\.m2\repository\org\aspectj\aspectjweaver\1.9.19\aspectjweaver-1.9.19.jar;C:\Users\rrcambrayb\.m2\repository\org\hibernate\orm\hibernate-core\6.1.7.Final\hibernate-core-6.1.7.Final.jar;C:\Users\rrcambrayb\.m2\repository\jakarta\persistence\jakarta.persistence-api\3.1.0\jakarta.persistence-api-3.1.0.jar;C:\Users\rrcambrayb\.m2\repository\jakarta\transaction\jakarta.transaction-api\2.0.1\jakarta.transaction-api-2.0.1.jar;C:\Users\rrcambrayb\.m2\repository\org\jboss\logging\jboss-logging\3.5.0.Final\jboss-logging-3.5.0.Final.jar;C:\Users\rrcambrayb\.m2\repository\org\hibernate\common\hibernate-commons-annotations\6.0.6.Final\hibernate-commons-annotations-6.0.6.Final.jar;C:\Users\rrcambrayb\.m2\repository\org\jboss\jandex\2.4.2.Final\jandex-2.4.2.Final.jar;C:\Users\rrcambrayb\.m2\repository\com\fasterxml\classmate\1.5.1\classmate-1.5.1.jar;C:\Users\rrcambrayb\.m2\repository\net\bytebuddy\byte-buddy\1.12.23\byte-buddy-1.12.23.jar;C:\Users\rrcambrayb\.m2\repository\org\glassfish\jaxb\jaxb-runtime\4.0.2\jaxb-runtime-4.0.2.jar;C:\Users\rrcambrayb\.m2\repository\org\glassfish\jaxb\jaxb-core\4.0.2\jaxb-core-4.0.2.jar;C:\Users\rrcambrayb\.m2\repository\org\eclipse\angus\angus-activation\2.0.0\angus-activation-2.0.0.jar;C:\Users\rrcambrayb\.m2\repository\org\glassfish\jaxb\txw2\4.0.2\txw2-4.0.2.jar;C:\Users\rrcambrayb\.m2\repository\com\sun\istack\istack-commons-runtime\4.1.1\istack-commons-runtime-4.1.1.jar;C:\Users\rrcambrayb\.m2\repository\jakarta\inject\jakarta.inject-api\2.0.0\jakarta.inject-api-2.0.0.jar;C:\Users\rrcambrayb\.m2\repository\org\antlr\antlr4-runtime\4.10.1\antlr4-runtime-4.10.1.jar;C:\Users\rrcambrayb\.m2\repository\org\springframework\data\spring-data-jpa\3.0.5\spring-data-jpa-3.0.5.jar;C:\Users\rrcambrayb\.m2\repository\org\springframework\data\spring-data-commons\3.0.5\spring-data-commons-3.0.5.jar;C:\Users\rrcambrayb\.m2\repository\org\springframework\spring-orm\6.0.8\spring-orm-6.0.8.jar;C:\Users\rrcambrayb\.m2\repository\org\springframework\spring-tx\6.0.8\spring-tx-6.0.8.jar;C:\Users\rrcambrayb\.m2\repository\jakarta\annotation\jakarta.annotation-api\2.1.1\jakarta.annotation-api-2.1.1.jar;C:\Users\rrcambrayb\.m2\repository\org\slf4j\slf4j-api\2.0.7\slf4j-api-2.0.7.jar;C:\Users\rrcambrayb\.m2\repository\org\springframework\spring-aspects\6.0.8\spring-aspects-6.0.8.jar;C:\Users\rrcambrayb\.m2\repository\org\springframework\boot\spring-boot-starter-jdbc\3.0.6\spring-boot-starter-jdbc-3.0.6.jar;C:\Users\rrcambrayb\.m2\repository\org\springframework\boot\spring-boot-starter\3.0.6\spring-boot-starter-3.0.6.jar;C:\Users\rrcambrayb\.m2\repository\org\springframework\boot\spring-boot\3.0.6\spring-boot-3.0.6.jar;C:\Users\rrcambrayb\.m2\repository\org\springframework\boot\spring-boot-autoconfigure\3.0.6\spring-boot-autoconfigure-3.0.6.jar;C:\Users\rrcambrayb\.m2\repository\org\springframework\boot\spring-boot-starter-logging\3.0.6\spring-boot-starter-logging-3.0.6.jar;C:\Users\rrcambrayb\.m2\repository\ch\qos\logback\logback-classic\1.4.7\logback-classic-1.4.7.jar;C:\Users\rrcambrayb\.m2\repository\ch\qos\logback\logback-core\1.4.7\logback-core-1.4.7.jar;C:\Users\rrcambrayb\.m2\repository\org\apache\logging\log4j\log4j-to-slf4j\2.19.0\log4j-to-slf4j-2.19.0.jar;C:\Users\rrcambrayb\.m2\repository\org\apache\logging\log4j\log4j-api\2.19.0\log4j-api-2.19.0.jar;C:\Users\rrcambrayb\.m2\repository\org\slf4j\jul-to-slf4j\2.0.7\jul-to-slf4j-2.0.7.jar;C:\Users\rrcambrayb\.m2\repository\org\yaml\snakeyaml\1.33\snakeyaml-1.33.jar;C:\Users\rrcambrayb\.m2\repository\com\zaxxer\HikariCP\5.0.1\HikariCP-5.0.1.jar;C:\Users\rrcambrayb\.m2\repository\org\springframework\spring-jdbc\6.0.8\spring-jdbc-6.0.8.jar;C:\Users\rrcambrayb\.m2\repository\org\springframework\boot\spring-boot-starter-web\3.0.6\spring-boot-starter-web-3.0.6.jar;C:\Users\rrcambrayb\.m2\repository\org\springframework\boot\spring-boot-starter-json\3.0.6\spring-boot-starter-json-3.0.6.jar;C:\Users\rrcambrayb\.m2\repository\com\fasterxml\jackson\core\jackson-databind\2.14.2\jackson-databind-2.14.2.jar;C:\Users\rrcambrayb\.m2\repository\com\fasterxml\jackson\core\jackson-annotations\2.14.2\jackson-annotations-2.14.2.jar;C:\Users\rrcambrayb\.m2\repository\com\fasterxml\jackson\core\jackson-core\2.14.2\jackson-core-2.14.2.jar;C:\Users\rrcambrayb\.m2\repository\com\fasterxml\jackson\datatype\jackson-datatype-jdk8\2.14.2\jackson-datatype-jdk8-2.14.2.jar;C:\Users\rrcambrayb\.m2\repository\com\fasterxml\jackson\datatype\jackson-datatype-jsr310\2.14.2\jackson-datatype-jsr310-2.14.2.jar;C:\Users\rrcambrayb\.m2\repository\com\fasterxml\jackson\module\jackson-module-parameter-names\2.14.2\jackson-module-parameter-names-2.14.2.jar;C:\Users\rrcambrayb\.m2\repository\org\springframework\boot\spring-boot-starter-tomcat\3.0.6\spring-boot-starter-tomcat-3.0.6.jar;C:\Users\rrcambrayb\.m2\repository\org\apache\tomcat\embed\tomcat-embed-core\10.1.8\tomcat-embed-core-10.1.8.jar;C:\Users\rrcambrayb\.m2\repository\org\apache\tomcat\embed\tomcat-embed-el\10.1.8\tomcat-embed-el-10.1.8.jar;C:\Users\rrcambrayb\.m2\repository\org\apache\tomcat\embed\tomcat-embed-websocket\10.1.8\tomcat-embed-websocket-10.1.8.jar;C:\Users\rrcambrayb\.m2\repository\org\springframework\spring-web\6.0.8\spring-web-6.0.8.jar;C:\Users\rrcambrayb\.m2\repository\io\micrometer\micrometer-observation\1.10.6\micrometer-observation-1.10.6.jar;C:\Users\rrcambrayb\.m2\repository\io\micrometer\micrometer-commons\1.10.6\micrometer-commons-1.10.6.jar;C:\Users\rrcambrayb\.m2\repository\org\springframework\spring-webmvc\6.0.8\spring-webmvc-6.0.8.jar;C:\Users\rrcambrayb\.m2\repository\org\springframework\spring-expression\6.0.8\spring-expression-6.0.8.jar;C:\Users\rrcambrayb\.m2\repository\org\springframework\boot\spring-boot-starter-graphql\3.0.6\spring-boot-starter-graphql-3.0.6.jar;C:\Users\rrcambrayb\.m2\repository\org\springframework\graphql\spring-graphql\1.1.3\spring-graphql-1.1.3.jar;C:\Users\rrcambrayb\.m2\repository\io\micrometer\context-propagation\1.0.2\context-propagation-1.0.2.jar;C:\Users\rrcambrayb\.m2\repository\com\h2database\h2\2.1.214\h2-2.1.214.jar;C:\Users\rrcambrayb\.m2\repository\org\projectlombok\lombok\1.18.26\lombok-1.18.26.jar;C:\Users\rrcambrayb\.m2\repository\jakarta\xml\bind\jakarta.xml.bind-api\4.0.0\jakarta.xml.bind-api-4.0.0.jar;C:\Users\rrcambrayb\.m2\repository\jakarta\activation\jakarta.activation-api\2.1.1\jakarta.activation-api-2.1.1.jar;C:\Users\rrcambrayb\.m2\repository\org\springframework\spring-core\6.0.8\spring-core-6.0.8.jar;C:\Users\rrcambrayb\.m2\repository\org\springframework\spring-jcl\6.0.8\spring-jcl-6.0.8.jar;C:\Users\rrcambrayb\.m2\repository\org\springframework\spring-beans\6.0.8\spring-beans-6.0.8.jar;C:\Users\rrcambrayb\.m2\repository\io\projectreactor\reactor-core\3.5.5\reactor-core-3.5.5.jar;C:\Users\rrcambrayb\.m2\repository\org\reactivestreams\reactive-streams\1.0.4\reactive-streams-1.0.4.jar;C:\Users\rrcambrayb\.m2\repository\com\graphql-java\graphql-java\19.5\graphql-java-19.5.jar;C:\Users\rrcambrayb\.m2\repository\com\graphql-java\java-dataloader\3.2.0\java-dataloader-3.2.0.jar;C:\Users\rrcambrayb\.m2\repository\org\springframework\spring-context\6.0.8\spring-context-6.0.8.jar
Launcher Type: SUN_STANDARD

[Global flags]
     intx CICompilerCount                          = 4                                         {product} {ergonomic}
     uint ConcGCThreads                            = 3                                         {product} {ergonomic}
     uint G1ConcRefinementThreads                  = 10                                        {product} {ergonomic}
   size_t G1HeapRegionSize                         = 1048576                                   {product} {ergonomic}
    uintx GCDrainStackTargetSize                   = 64                                        {product} {ergonomic}
   size_t InitialHeapSize                          = 132120576                                 {product} {ergonomic}
   size_t MarkStackSize                            = 4194304                                   {product} {ergonomic}
   size_t MaxHeapSize                              = 2088763392                                {product} {ergonomic}
   size_t MinHeapDeltaBytes                        = 1048576                                   {product} {ergonomic}
   size_t MinHeapSize                              = 8388608                                   {product} {ergonomic}
    uintx NonNMethodCodeHeapSize                   = 5839372                                {pd product} {ergonomic}
    uintx NonProfiledCodeHeapSize                  = 122909434                              {pd product} {ergonomic}
    uintx ProfiledCodeHeapSize                     = 122909434                              {pd product} {ergonomic}
    uintx ReservedCodeCacheSize                    = 251658240                              {pd product} {ergonomic}
     bool SegmentedCodeCache                       = true                                      {product} {ergonomic}
   size_t SoftMaxHeapSize                          = 2088763392                             {manageable} {ergonomic}
     bool UseCompressedClassPointers               = true                           {product lp64_product} {ergonomic}
     bool UseCompressedOops                        = true                           {product lp64_product} {ergonomic}
     bool UseG1GC                                  = true                                      {product} {ergonomic}
     bool UseLargePagesIndividualAllocation        = false                                  {pd product} {ergonomic}

Logging:
Log output configuration:
 #0: stdout all=warning uptime,level,tags foldmultilines=false
 #1: stderr all=off uptime,level,tags foldmultilines=false

Environment Variables:
PATH=C:\Program Files (x86)\Common Files\Oracle\Java\javapath;C:\Windows\system32;C:\Windows;C:\Windows\System32\Wbem;C:\Windows\System32\WindowsPowerShell\v1.0\;C:\Windows\System32\OpenSSH\;C:\Users\rrcambrayb\AppData\Local\Microsoft\WindowsApps;C:\Users\rrcambrayb\AppData\Local\Programs\Microsoft VS Code\bin;C:\Users\rrcambrayb\AppData\Local\Programs\Git\cmd;C:\Users\rrcambrayb\AppData\Local\JetBrains\IntelliJ IDEA 2023.1\bin;;C:\Users\rrcambrayb\AppData\Local\JetBrains\IntelliJ IDEA Community Edition 2023.1\bin;
USERNAME=rrcambrayb
OS=Windows_NT
PROCESSOR_IDENTIFIER=Intel64 Family 6 Model 165 Stepping 3, GenuineIntel
TMP=C:\Users\RRCAMB~1\AppData\Local\Temp
TEMP=C:\Users\RRCAMB~1\AppData\Local\Temp




---------------  S Y S T E M  ---------------

OS:
 Windows 10 , 64 bit Build 19041 (10.0.19041.2364)
OS uptime: 4 days 23:42 hours

CPU: total 12 (initial active 12) (6 cores per cpu, 2 threads per core) family 6 model 165 stepping 3 microcode 0xf4, cx8, cmov, fxsr, ht, mmx, 3dnowpref, sse, sse2, sse3, ssse3, sse4.1, sse4.2, popcnt, lzcnt, tsc, tscinvbit, avx, avx2, aes, erms, clmul, bmi1, bmi2, adx, fma, vzeroupper, clflush, clflushopt, rdtscp, f16c

Memory: 4k page, system-wide physical 7967M (603M free)
TotalPageFile size 32543M (AvailPageFile size 86M)
current process WorkingSet (physical memory assigned to process): 10M, peak: 10M
current process commit charge ("private bytes"): 64M, peak: 190M

vm_info: OpenJDK 64-Bit Server VM (20.0.1+9-29) for windows-amd64 JRE (20.0.1+9-29), built on 2023-03-07T13:56:11Z by "mach5one" with MS VC++ 17.1 (VS2022)

END.
